2021-11-24 17:43:08,916 INFO o.h.v.i.u.Version [background-preinit] HV000001: Hibernate Validator 6.2.0.Final
2021-11-24 17:43:09,171 INFO o.s.b.StartupInfoLogger [main] Starting EGovtCovidHealthAppApplication using Java 1.8.0_73 on LTI-TRAINING-03 with PID 15480 (D:\Developer\E-Govt_CovidHealthDepartment\target\classes started by Haroon Rasheed in D:\Developer\E-Govt_CovidHealthDepartment)
2021-11-24 17:43:09,261 INFO o.s.b.SpringApplication [main] No active profile set, falling back to default profiles: default
2021-11-24 17:43:29,583 INFO o.s.d.r.c.RepositoryConfigurationDelegate [main] Bootstrapping Spring Data JPA repositories in DEFAULT mode.
2021-11-24 17:43:29,931 INFO o.s.d.r.c.RepositoryConfigurationDelegate [main] Finished Spring Data repository scanning in 308 ms. Found 11 JPA repository interfaces.
2021-11-24 17:43:30,784 INFO o.s.c.c.s.GenericScope [main] BeanFactory id=3a71b191-f7cd-3d14-afed-b3a17507ea1a
2021-11-24 17:43:31,442 INFO o.s.c.s.PostProcessorRegistrationDelegate$BeanPostProcessorChecker [main] Bean 'org.springframework.security.access.expression.method.DefaultMethodSecurityExpressionHandler@41184371' of type [org.springframework.security.oauth2.provider.expression.OAuth2MethodSecurityExpressionHandler] is not eligible for getting processed by all BeanPostProcessors (for example: not eligible for auto-proxying)
2021-11-24 17:43:31,458 INFO o.s.c.s.PostProcessorRegistrationDelegate$BeanPostProcessorChecker [main] Bean 'methodSecurityMetadataSource' of type [org.springframework.security.access.method.DelegatingMethodSecurityMetadataSource] is not eligible for getting processed by all BeanPostProcessors (for example: not eligible for auto-proxying)
2021-11-24 17:43:32,353 INFO o.s.b.w.e.t.TomcatWebServer [main] Tomcat initialized with port(s): 8080 (http)
2021-11-24 17:43:32,369 INFO o.a.j.l.DirectJDKLog [main] Initializing ProtocolHandler ["http-nio-8080"]
2021-11-24 17:43:32,369 INFO o.a.j.l.DirectJDKLog [main] Starting service [Tomcat]
2021-11-24 17:43:32,369 INFO o.a.j.l.DirectJDKLog [main] Starting Servlet engine: [Apache Tomcat/9.0.53]
2021-11-24 17:43:32,790 INFO o.a.j.l.DirectJDKLog [main] Initializing Spring embedded WebApplicationContext
2021-11-24 17:43:32,790 INFO o.s.b.w.s.c.ServletWebServerApplicationContext [main] Root WebApplicationContext: initialization completed in 21892 ms
2021-11-24 17:43:33,385 INFO o.h.j.i.u.LogHelper [main] HHH000204: Processing PersistenceUnitInfo [name: default]
2021-11-24 17:43:33,620 INFO o.h.Version [main] HHH000412: Hibernate ORM core version 5.4.32.Final
2021-11-24 17:43:34,029 INFO o.h.a.c.r.j.JavaReflectionManager [main] HCANN000001: Hibernate Commons Annotations {5.1.2.Final}
2021-11-24 17:43:34,122 DEBUG o.h.t.BasicTypeRegistry [main] Adding type registration boolean -> org.hibernate.type.BooleanType@601eb4af
2021-11-24 17:43:34,122 DEBUG o.h.t.BasicTypeRegistry [main] Adding type registration boolean -> org.hibernate.type.BooleanType@601eb4af
2021-11-24 17:43:34,122 DEBUG o.h.t.BasicTypeRegistry [main] Adding type registration java.lang.Boolean -> org.hibernate.type.BooleanType@601eb4af
2021-11-24 17:43:34,122 DEBUG o.h.t.BasicTypeRegistry [main] Adding type registration numeric_boolean -> org.hibernate.type.NumericBooleanType@44e4cb76
2021-11-24 17:43:34,122 DEBUG o.h.t.BasicTypeRegistry [main] Adding type registration true_false -> org.hibernate.type.TrueFalseType@773c2214
2021-11-24 17:43:34,138 DEBUG o.h.t.BasicTypeRegistry [main] Adding type registration yes_no -> org.hibernate.type.YesNoType@6ee88e21
2021-11-24 17:43:34,138 DEBUG o.h.t.BasicTypeRegistry [main] Adding type registration byte -> org.hibernate.type.ByteType@217235f5
2021-11-24 17:43:34,138 DEBUG o.h.t.BasicTypeRegistry [main] Adding type registration byte -> org.hibernate.type.ByteType@217235f5
2021-11-24 17:43:34,138 DEBUG o.h.t.BasicTypeRegistry [main] Adding type registration java.lang.Byte -> org.hibernate.type.ByteType@217235f5
2021-11-24 17:43:34,138 DEBUG o.h.t.BasicTypeRegistry [main] Adding type registration character -> org.hibernate.type.CharacterType@697a0948
2021-11-24 17:43:34,138 DEBUG o.h.t.BasicTypeRegistry [main] Adding type registration char -> org.hibernate.type.CharacterType@697a0948
2021-11-24 17:43:34,138 DEBUG o.h.t.BasicTypeRegistry [main] Adding type registration java.lang.Character -> org.hibernate.type.CharacterType@697a0948
2021-11-24 17:43:34,138 DEBUG o.h.t.BasicTypeRegistry [main] Adding type registration short -> org.hibernate.type.ShortType@5234b61a
2021-11-24 17:43:34,138 DEBUG o.h.t.BasicTypeRegistry [main] Adding type registration short -> org.hibernate.type.ShortType@5234b61a
2021-11-24 17:43:34,138 DEBUG o.h.t.BasicTypeRegistry [main] Adding type registration java.lang.Short -> org.hibernate.type.ShortType@5234b61a
2021-11-24 17:43:34,138 DEBUG o.h.t.BasicTypeRegistry [main] Adding type registration integer -> org.hibernate.type.IntegerType@16d0e521
2021-11-24 17:43:34,138 DEBUG o.h.t.BasicTypeRegistry [main] Adding type registration int -> org.hibernate.type.IntegerType@16d0e521
2021-11-24 17:43:34,138 DEBUG o.h.t.BasicTypeRegistry [main] Adding type registration java.lang.Integer -> org.hibernate.type.IntegerType@16d0e521
2021-11-24 17:43:34,154 DEBUG o.h.t.BasicTypeRegistry [main] Adding type registration long -> org.hibernate.type.LongType@1c297897
2021-11-24 17:43:34,154 DEBUG o.h.t.BasicTypeRegistry [main] Adding type registration long -> org.hibernate.type.LongType@1c297897
2021-11-24 17:43:34,154 DEBUG o.h.t.BasicTypeRegistry [main] Adding type registration java.lang.Long -> org.hibernate.type.LongType@1c297897
2021-11-24 17:43:34,154 DEBUG o.h.t.BasicTypeRegistry [main] Adding type registration float -> org.hibernate.type.FloatType@237add
2021-11-24 17:43:34,154 DEBUG o.h.t.BasicTypeRegistry [main] Adding type registration float -> org.hibernate.type.FloatType@237add
2021-11-24 17:43:34,154 DEBUG o.h.t.BasicTypeRegistry [main] Adding type registration java.lang.Float -> org.hibernate.type.FloatType@237add
2021-11-24 17:43:34,154 DEBUG o.h.t.BasicTypeRegistry [main] Adding type registration double -> org.hibernate.type.DoubleType@7889b4b9
2021-11-24 17:43:34,154 DEBUG o.h.t.BasicTypeRegistry [main] Adding type registration double -> org.hibernate.type.DoubleType@7889b4b9
2021-11-24 17:43:34,154 DEBUG o.h.t.BasicTypeRegistry [main] Adding type registration java.lang.Double -> org.hibernate.type.DoubleType@7889b4b9
2021-11-24 17:43:34,154 DEBUG o.h.t.BasicTypeRegistry [main] Adding type registration big_decimal -> org.hibernate.type.BigDecimalType@7f977fba
2021-11-24 17:43:34,154 DEBUG o.h.t.BasicTypeRegistry [main] Adding type registration java.math.BigDecimal -> org.hibernate.type.BigDecimalType@7f977fba
2021-11-24 17:43:34,154 DEBUG o.h.t.BasicTypeRegistry [main] Adding type registration big_integer -> org.hibernate.type.BigIntegerType@480cbe2e
2021-11-24 17:43:34,154 DEBUG o.h.t.BasicTypeRegistry [main] Adding type registration java.math.BigInteger -> org.hibernate.type.BigIntegerType@480cbe2e
2021-11-24 17:43:34,154 DEBUG o.h.t.BasicTypeRegistry [main] Adding type registration string -> org.hibernate.type.StringType@67f9cb52
2021-11-24 17:43:34,154 DEBUG o.h.t.BasicTypeRegistry [main] Adding type registration java.lang.String -> org.hibernate.type.StringType@67f9cb52
2021-11-24 17:43:34,154 DEBUG o.h.t.BasicTypeRegistry [main] Adding type registration nstring -> org.hibernate.type.StringNVarcharType@2ee39e73
2021-11-24 17:43:34,154 DEBUG o.h.t.BasicTypeRegistry [main] Adding type registration ncharacter -> org.hibernate.type.CharacterNCharType@24876a7e
2021-11-24 17:43:34,169 DEBUG o.h.t.BasicTypeRegistry [main] Adding type registration url -> org.hibernate.type.UrlType@2eda2062
2021-11-24 17:43:34,169 DEBUG o.h.t.BasicTypeRegistry [main] Adding type registration java.net.URL -> org.hibernate.type.UrlType@2eda2062
2021-11-24 17:43:34,169 DEBUG o.h.t.BasicTypeRegistry [main] Adding type registration Duration -> org.hibernate.type.DurationType@4cffd3fd
2021-11-24 17:43:34,169 DEBUG o.h.t.BasicTypeRegistry [main] Adding type registration java.time.Duration -> org.hibernate.type.DurationType@4cffd3fd
2021-11-24 17:43:34,169 DEBUG o.h.t.BasicTypeRegistry [main] Adding type registration Instant -> org.hibernate.type.InstantType@62d40e31
2021-11-24 17:43:34,169 DEBUG o.h.t.BasicTypeRegistry [main] Adding type registration java.time.Instant -> org.hibernate.type.InstantType@62d40e31
2021-11-24 17:43:34,169 DEBUG o.h.t.BasicTypeRegistry [main] Adding type registration LocalDateTime -> org.hibernate.type.LocalDateTimeType@372461a9
2021-11-24 17:43:34,169 DEBUG o.h.t.BasicTypeRegistry [main] Adding type registration java.time.LocalDateTime -> org.hibernate.type.LocalDateTimeType@372461a9
2021-11-24 17:43:34,169 DEBUG o.h.t.BasicTypeRegistry [main] Adding type registration LocalDate -> org.hibernate.type.LocalDateType@126f8f24
2021-11-24 17:43:34,169 DEBUG o.h.t.BasicTypeRegistry [main] Adding type registration java.time.LocalDate -> org.hibernate.type.LocalDateType@126f8f24
2021-11-24 17:43:34,169 DEBUG o.h.t.BasicTypeRegistry [main] Adding type registration LocalTime -> org.hibernate.type.LocalTimeType@662be9f7
2021-11-24 17:43:34,169 DEBUG o.h.t.BasicTypeRegistry [main] Adding type registration java.time.LocalTime -> org.hibernate.type.LocalTimeType@662be9f7
2021-11-24 17:43:34,169 DEBUG o.h.t.BasicTypeRegistry [main] Adding type registration OffsetDateTime -> org.hibernate.type.OffsetDateTimeType@7c11d32
2021-11-24 17:43:34,169 DEBUG o.h.t.BasicTypeRegistry [main] Adding type registration java.time.OffsetDateTime -> org.hibernate.type.OffsetDateTimeType@7c11d32
2021-11-24 17:43:34,185 DEBUG o.h.t.BasicTypeRegistry [main] Adding type registration OffsetTime -> org.hibernate.type.OffsetTimeType@31f77791
2021-11-24 17:43:34,185 DEBUG o.h.t.BasicTypeRegistry [main] Adding type registration java.time.OffsetTime -> org.hibernate.type.OffsetTimeType@31f77791
2021-11-24 17:43:34,185 DEBUG o.h.t.BasicTypeRegistry [main] Adding type registration ZonedDateTime -> org.hibernate.type.ZonedDateTimeType@25974207
2021-11-24 17:43:34,185 DEBUG o.h.t.BasicTypeRegistry [main] Adding type registration java.time.ZonedDateTime -> org.hibernate.type.ZonedDateTimeType@25974207
2021-11-24 17:43:34,185 DEBUG o.h.t.BasicTypeRegistry [main] Adding type registration date -> org.hibernate.type.DateType@66d25ba9
2021-11-24 17:43:34,185 DEBUG o.h.t.BasicTypeRegistry [main] Adding type registration java.sql.Date -> org.hibernate.type.DateType@66d25ba9
2021-11-24 17:43:34,185 DEBUG o.h.t.BasicTypeRegistry [main] Adding type registration time -> org.hibernate.type.TimeType@266e9dda
2021-11-24 17:43:34,185 DEBUG o.h.t.BasicTypeRegistry [main] Adding type registration java.sql.Time -> org.hibernate.type.TimeType@266e9dda
2021-11-24 17:43:34,185 DEBUG o.h.t.BasicTypeRegistry [main] Adding type registration timestamp -> org.hibernate.type.TimestampType@7db40fd5
2021-11-24 17:43:34,185 DEBUG o.h.t.BasicTypeRegistry [main] Adding type registration java.sql.Timestamp -> org.hibernate.type.TimestampType@7db40fd5
2021-11-24 17:43:34,185 DEBUG o.h.t.BasicTypeRegistry [main] Adding type registration java.util.Date -> org.hibernate.type.TimestampType@7db40fd5
2021-11-24 17:43:34,185 DEBUG o.h.t.BasicTypeRegistry [main] Adding type registration dbtimestamp -> org.hibernate.type.DbTimestampType@19ae2ee5
2021-11-24 17:43:34,200 DEBUG o.h.t.BasicTypeRegistry [main] Adding type registration calendar -> org.hibernate.type.CalendarType@118acf70
2021-11-24 17:43:34,200 DEBUG o.h.t.BasicTypeRegistry [main] Adding type registration java.util.Calendar -> org.hibernate.type.CalendarType@118acf70
2021-11-24 17:43:34,200 DEBUG o.h.t.BasicTypeRegistry [main] Adding type registration java.util.GregorianCalendar -> org.hibernate.type.CalendarType@118acf70
2021-11-24 17:43:34,200 DEBUG o.h.t.BasicTypeRegistry [main] Adding type registration calendar_date -> org.hibernate.type.CalendarDateType@11f23203
2021-11-24 17:43:34,200 DEBUG o.h.t.BasicTypeRegistry [main] Adding type registration calendar_time -> org.hibernate.type.CalendarTimeType@2cfe272f
2021-11-24 17:43:34,200 DEBUG o.h.t.BasicTypeRegistry [main] Adding type registration locale -> org.hibernate.type.LocaleType@646427f7
2021-11-24 17:43:34,200 DEBUG o.h.t.BasicTypeRegistry [main] Adding type registration java.util.Locale -> org.hibernate.type.LocaleType@646427f7
2021-11-24 17:43:34,200 DEBUG o.h.t.BasicTypeRegistry [main] Adding type registration currency -> org.hibernate.type.CurrencyType@31da0434
2021-11-24 17:43:34,200 DEBUG o.h.t.BasicTypeRegistry [main] Adding type registration java.util.Currency -> org.hibernate.type.CurrencyType@31da0434
2021-11-24 17:43:34,200 DEBUG o.h.t.BasicTypeRegistry [main] Adding type registration timezone -> org.hibernate.type.TimeZoneType@74960e9d
2021-11-24 17:43:34,200 DEBUG o.h.t.BasicTypeRegistry [main] Adding type registration java.util.TimeZone -> org.hibernate.type.TimeZoneType@74960e9d
2021-11-24 17:43:34,200 DEBUG o.h.t.BasicTypeRegistry [main] Adding type registration class -> org.hibernate.type.ClassType@7926352f
2021-11-24 17:43:34,200 DEBUG o.h.t.BasicTypeRegistry [main] Adding type registration java.lang.Class -> org.hibernate.type.ClassType@7926352f
2021-11-24 17:43:34,200 DEBUG o.h.t.BasicTypeRegistry [main] Adding type registration uuid-binary -> org.hibernate.type.UUIDBinaryType@d5e575c
2021-11-24 17:43:34,200 DEBUG o.h.t.BasicTypeRegistry [main] Adding type registration java.util.UUID -> org.hibernate.type.UUIDBinaryType@d5e575c
2021-11-24 17:43:34,200 DEBUG o.h.t.BasicTypeRegistry [main] Adding type registration uuid-char -> org.hibernate.type.UUIDCharType@14fc9bd
2021-11-24 17:43:34,200 DEBUG o.h.t.BasicTypeRegistry [main] Adding type registration binary -> org.hibernate.type.BinaryType@6aa5974e
2021-11-24 17:43:34,217 DEBUG o.h.t.BasicTypeRegistry [main] Adding type registration byte[] -> org.hibernate.type.BinaryType@6aa5974e
2021-11-24 17:43:34,217 DEBUG o.h.t.BasicTypeRegistry [main] Adding type registration [B -> org.hibernate.type.BinaryType@6aa5974e
2021-11-24 17:43:34,220 DEBUG o.h.t.BasicTypeRegistry [main] Adding type registration wrapper-binary -> org.hibernate.type.WrapperBinaryType@1129829c
2021-11-24 17:43:34,221 DEBUG o.h.t.BasicTypeRegistry [main] Adding type registration Byte[] -> org.hibernate.type.WrapperBinaryType@1129829c
2021-11-24 17:43:34,221 DEBUG o.h.t.BasicTypeRegistry [main] Adding type registration [Ljava.lang.Byte; -> org.hibernate.type.WrapperBinaryType@1129829c
2021-11-24 17:43:34,223 DEBUG o.h.t.BasicTypeRegistry [main] Adding type registration row_version -> org.hibernate.type.RowVersionType@4c319d52
2021-11-24 17:43:34,224 DEBUG o.h.t.BasicTypeRegistry [main] Adding type registration image -> org.hibernate.type.ImageType@2d28fb02
2021-11-24 17:43:34,225 DEBUG o.h.t.BasicTypeRegistry [main] Adding type registration characters -> org.hibernate.type.CharArrayType@7f2c57fe
2021-11-24 17:43:34,225 DEBUG o.h.t.BasicTypeRegistry [main] Adding type registration char[] -> org.hibernate.type.CharArrayType@7f2c57fe
2021-11-24 17:43:34,226 DEBUG o.h.t.BasicTypeRegistry [main] Adding type registration [C -> org.hibernate.type.CharArrayType@7f2c57fe
2021-11-24 17:43:34,227 DEBUG o.h.t.BasicTypeRegistry [main] Adding type registration wrapper-characters -> org.hibernate.type.CharacterArrayType@3dbd7107
2021-11-24 17:43:34,227 DEBUG o.h.t.BasicTypeRegistry [main] Adding type registration [Ljava.lang.Character; -> org.hibernate.type.CharacterArrayType@3dbd7107
2021-11-24 17:43:34,228 DEBUG o.h.t.BasicTypeRegistry [main] Adding type registration Character[] -> org.hibernate.type.CharacterArrayType@3dbd7107
2021-11-24 17:43:34,228 DEBUG o.h.t.BasicTypeRegistry [main] Adding type registration text -> org.hibernate.type.TextType@26d5a317
2021-11-24 17:43:34,229 DEBUG o.h.t.BasicTypeRegistry [main] Adding type registration ntext -> org.hibernate.type.NTextType@559af296
2021-11-24 17:43:34,231 DEBUG o.h.t.BasicTypeRegistry [main] Adding type registration blob -> org.hibernate.type.BlobType@268c030f
2021-11-24 17:43:34,232 DEBUG o.h.t.BasicTypeRegistry [main] Adding type registration java.sql.Blob -> org.hibernate.type.BlobType@268c030f
2021-11-24 17:43:34,233 DEBUG o.h.t.BasicTypeRegistry [main] Adding type registration materialized_blob -> org.hibernate.type.MaterializedBlobType@1b24ea2a
2021-11-24 17:43:34,235 DEBUG o.h.t.BasicTypeRegistry [main] Adding type registration clob -> org.hibernate.type.ClobType@47df5041
2021-11-24 17:43:34,236 DEBUG o.h.t.BasicTypeRegistry [main] Adding type registration java.sql.Clob -> org.hibernate.type.ClobType@47df5041
2021-11-24 17:43:34,238 DEBUG o.h.t.BasicTypeRegistry [main] Adding type registration nclob -> org.hibernate.type.NClobType@224c7de4
2021-11-24 17:43:34,238 DEBUG o.h.t.BasicTypeRegistry [main] Adding type registration java.sql.NClob -> org.hibernate.type.NClobType@224c7de4
2021-11-24 17:43:34,239 DEBUG o.h.t.BasicTypeRegistry [main] Adding type registration materialized_clob -> org.hibernate.type.MaterializedClobType@805e72e
2021-11-24 17:43:34,240 DEBUG o.h.t.BasicTypeRegistry [main] Adding type registration materialized_nclob -> org.hibernate.type.MaterializedNClobType@60bf494c
2021-11-24 17:43:34,243 DEBUG o.h.t.BasicTypeRegistry [main] Adding type registration serializable -> org.hibernate.type.SerializableType@6de004f1
2021-11-24 17:43:34,247 DEBUG o.h.t.BasicTypeRegistry [main] Adding type registration object -> org.hibernate.type.ObjectType@77cca767
2021-11-24 17:43:34,247 DEBUG o.h.t.BasicTypeRegistry [main] Adding type registration java.lang.Object -> org.hibernate.type.ObjectType@77cca767
2021-11-24 17:43:34,249 DEBUG o.h.t.BasicTypeRegistry [main] Adding type registration imm_date -> org.hibernate.type.AdaptedImmutableType@23444a36
2021-11-24 17:43:34,249 DEBUG o.h.t.BasicTypeRegistry [main] Adding type registration imm_time -> org.hibernate.type.AdaptedImmutableType@31a136a6
2021-11-24 17:43:34,250 DEBUG o.h.t.BasicTypeRegistry [main] Adding type registration imm_timestamp -> org.hibernate.type.AdaptedImmutableType@30a9e3db
2021-11-24 17:43:34,251 DEBUG o.h.t.BasicTypeRegistry [main] Adding type registration imm_dbtimestamp -> org.hibernate.type.AdaptedImmutableType@2f9b21d6
2021-11-24 17:43:34,251 DEBUG o.h.t.BasicTypeRegistry [main] Adding type registration imm_calendar -> org.hibernate.type.AdaptedImmutableType@2e0fdbe9
2021-11-24 17:43:34,252 DEBUG o.h.t.BasicTypeRegistry [main] Adding type registration imm_calendar_date -> org.hibernate.type.AdaptedImmutableType@16a3cc88
2021-11-24 17:43:34,253 DEBUG o.h.t.BasicTypeRegistry [main] Adding type registration imm_binary -> org.hibernate.type.AdaptedImmutableType@696b52bc
2021-11-24 17:43:34,253 DEBUG o.h.t.BasicTypeRegistry [main] Adding type registration imm_serializable -> org.hibernate.type.AdaptedImmutableType@1f884bd6
2021-11-24 17:43:34,389 INFO c.z.h.HikariDataSource [main] HikariPool-1 - Starting...
2021-11-24 17:43:37,254 INFO c.z.h.HikariDataSource [main] HikariPool-1 - Start completed.
2021-11-24 17:43:37,491 INFO o.h.d.Dialect [main] HHH000400: Using dialect: org.hibernate.dialect.MySQL8Dialect
2021-11-24 17:43:39,550 DEBUG o.h.t.s.TypeConfiguration [main] Scoping TypeConfiguration [org.hibernate.type.spi.TypeConfiguration@1e721583] to MetadataBuildingContext [org.hibernate.boot.internal.MetadataBuildingContextRootImpl@79f5a6ed]
2021-11-24 17:43:40,621 DEBUG o.h.t.s.TypeConfiguration [main] Scoping TypeConfiguration [org.hibernate.type.spi.TypeConfiguration@1e721583] to SessionFactoryImpl [org.hibernate.internal.SessionFactoryImpl@67d5ac2f]
2021-11-24 17:43:43,851 INFO o.h.e.t.j.p.i.JtaPlatformInitiator [main] HHH000490: Using JtaPlatform implementation: [org.hibernate.engine.transaction.jta.platform.internal.NoJtaPlatform]
2021-11-24 17:43:43,883 TRACE o.h.t.s.TypeConfiguration [main] Handling #sessionFactoryCreated from [org.hibernate.internal.SessionFactoryImpl@67d5ac2f] for TypeConfiguration
2021-11-24 17:43:43,883 INFO o.s.o.j.AbstractEntityManagerFactoryBean [main] Initialized JPA EntityManagerFactory for persistence unit 'default'
2021-11-24 17:43:45,198 WARN o.s.b.a.o.j.JpaBaseConfiguration$JpaWebConfiguration [main] spring.jpa.open-in-view is enabled by default. Therefore, database queries may be performed during view rendering. Explicitly configure spring.jpa.open-in-view to disable this warning
2021-11-24 17:43:46,162 WARN o.s.s.o.p.t.s.JwtAccessTokenConverter [main] Unable to create an RSA verifier from verifierKey (ignoreable if using MAC)
2021-11-24 17:43:47,156 INFO o.s.s.w.DefaultSecurityFilterChain [main] Will secure Ant [pattern='/v2/api-docs'] with []
2021-11-24 17:43:47,156 INFO o.s.s.w.DefaultSecurityFilterChain [main] Will secure Ant [pattern='/configuration/ui'] with []
2021-11-24 17:43:47,156 INFO o.s.s.w.DefaultSecurityFilterChain [main] Will secure Ant [pattern='/swagger-resources/**'] with []
2021-11-24 17:43:47,156 INFO o.s.s.w.DefaultSecurityFilterChain [main] Will secure Ant [pattern='/user/addUser'] with []
2021-11-24 17:43:47,156 INFO o.s.s.w.DefaultSecurityFilterChain [main] Will secure Ant [pattern='/role/addRole'] with []
2021-11-24 17:43:47,156 INFO o.s.s.w.DefaultSecurityFilterChain [main] Will secure Ant [pattern='/swagger-ui.html#'] with []
2021-11-24 17:43:47,156 INFO o.s.s.w.DefaultSecurityFilterChain [main] Will secure Ant [pattern='/oauth/authorize**'] with []
2021-11-24 17:43:47,156 INFO o.s.s.w.DefaultSecurityFilterChain [main] Will secure Ant [pattern='/login**'] with []
2021-11-24 17:43:47,156 INFO o.s.s.w.DefaultSecurityFilterChain [main] Will secure Ant [pattern='/error**'] with []
2021-11-24 17:43:47,281 INFO o.s.s.w.DefaultSecurityFilterChain [main] Will secure Or [Ant [pattern='/oauth/token'], Ant [pattern='/oauth/token_key'], Ant [pattern='/oauth/check_token']] with [org.springframework.security.web.context.request.async.WebAsyncManagerIntegrationFilter@77ad2767, org.springframework.security.web.context.SecurityContextPersistenceFilter@511a307e, org.springframework.security.web.header.HeaderWriterFilter@1d7af82, org.springframework.security.web.authentication.logout.LogoutFilter@34fcc5e3, org.springframework.security.web.authentication.www.BasicAuthenticationFilter@60e5eed0, org.springframework.security.web.savedrequest.RequestCacheAwareFilter@10d97b64, org.springframework.security.web.servletapi.SecurityContextHolderAwareRequestFilter@8b1bfdf, org.springframework.security.web.authentication.AnonymousAuthenticationFilter@e460ca1, org.springframework.security.web.session.SessionManagementFilter@2fd8b081, org.springframework.security.web.access.ExceptionTranslationFilter@3a44993c, org.springframework.security.web.access.intercept.FilterSecurityInterceptor@c14bbab]
2021-11-24 17:43:47,312 INFO o.s.s.w.DefaultSecurityFilterChain [main] Will secure org.springframework.security.oauth2.config.annotation.web.configuration.ResourceServerConfiguration$NotOAuthRequestMatcher@42a7e7e1 with [org.springframework.security.web.context.request.async.WebAsyncManagerIntegrationFilter@e2d9923, org.springframework.security.web.context.SecurityContextPersistenceFilter@c31419f, org.springframework.security.web.header.HeaderWriterFilter@7cc3a7f7, org.springframework.security.web.authentication.logout.LogoutFilter@745c8a04, org.springframework.security.oauth2.provider.authentication.OAuth2AuthenticationProcessingFilter@59bbf82e, org.springframework.security.web.savedrequest.RequestCacheAwareFilter@43dddfdd, org.springframework.security.web.servletapi.SecurityContextHolderAwareRequestFilter@22c0344e, org.springframework.security.web.session.SessionManagementFilter@210e2f2f, org.springframework.security.web.access.ExceptionTranslationFilter@4840ec68, org.springframework.security.web.access.intercept.FilterSecurityInterceptor@334d825c]
2021-11-24 17:43:47,328 INFO o.s.s.w.DefaultSecurityFilterChain [main] Will secure any request with [org.springframework.security.web.context.request.async.WebAsyncManagerIntegrationFilter@67e21ea2, org.springframework.security.web.context.SecurityContextPersistenceFilter@4946dfde, org.springframework.security.web.header.HeaderWriterFilter@1ac2829e, org.springframework.security.web.authentication.logout.LogoutFilter@5e663ab, com.example.EGovt_CovidHealthApp.Security.JwtRequestFilter@31de27c, org.springframework.security.web.authentication.www.BasicAuthenticationFilter@4b74a67a, org.springframework.security.web.savedrequest.RequestCacheAwareFilter@77972964, org.springframework.security.web.servletapi.SecurityContextHolderAwareRequestFilter@794f937a, org.springframework.security.web.authentication.AnonymousAuthenticationFilter@2184962c, org.springframework.security.web.session.SessionManagementFilter@7a7f2247, org.springframework.security.web.access.ExceptionTranslationFilter@626b9092, org.springframework.security.web.access.intercept.FilterSecurityInterceptor@1b82f62a]
2021-11-24 17:43:49,867 INFO o.s.c.c.u.InetUtils [main] Cannot determine local hostname
2021-11-24 17:43:49,913 INFO o.s.c.n.e.c.DiscoveryClientOptionalArgsConfiguration [main] Eureka HTTP Client uses RestTemplate.
2021-11-24 17:43:51,857 INFO o.s.c.c.u.InetUtils [main] Cannot determine local hostname
2021-11-24 17:43:51,998 WARN o.s.c.l.c.LoadBalancerCacheAutoConfiguration$LoadBalancerCaffeineWarnLogger [main] Spring Cloud LoadBalancer is currently working with the default cache. You can switch to using Caffeine cache, by adding it and org.springframework.cache.caffeine.CaffeineCacheManager to the classpath.
2021-11-24 17:43:52,138 INFO o.s.c.n.e.InstanceInfoFactory [main] Setting initial instance status as: STARTING
2021-11-24 17:43:52,496 INFO c.n.d.DiscoveryClient [main] Initializing Eureka in region us-east-1
2021-11-24 17:43:52,512 INFO c.n.d.s.r.a.ConfigClusterResolver [main] Resolving eureka endpoints via configuration
2021-11-24 17:43:52,559 INFO c.n.d.DiscoveryClient [main] Disable delta property : false
2021-11-24 17:43:52,559 INFO c.n.d.DiscoveryClient [main] Single vip registry refresh property : null
2021-11-24 17:43:52,559 INFO c.n.d.DiscoveryClient [main] Force full registry fetch : false
2021-11-24 17:43:52,559 INFO c.n.d.DiscoveryClient [main] Application is null : false
2021-11-24 17:43:52,559 INFO c.n.d.DiscoveryClient [main] Registered Applications size is zero : true
2021-11-24 17:43:52,559 INFO c.n.d.DiscoveryClient [main] Application version is -1: true
2021-11-24 17:43:52,559 INFO c.n.d.DiscoveryClient [main] Getting all instance registry info from the eureka server
2021-11-24 17:43:54,034 INFO c.n.d.DiscoveryClient [main] The response status is 200
2021-11-24 17:43:54,034 INFO c.n.d.DiscoveryClient [main] Starting heartbeat executor: renew interval is: 10
2021-11-24 17:43:54,034 INFO c.n.d.InstanceInfoReplicator [main] InstanceInfoReplicator onDemand update allowed rate per min is 4
2021-11-24 17:43:54,034 INFO c.n.d.DiscoveryClient [main] Discovery Client initialized at timestamp 1637757834034 with initial instances count: 0
2021-11-24 17:43:54,050 INFO o.s.c.n.e.s.EurekaServiceRegistry [main] Registering application E-HEALTH with eureka with status UP
2021-11-24 17:43:54,050 INFO c.n.d.DiscoveryClient$3 [main] Saw local status change event StatusChangeEvent [timestamp=1637757834050, current=UP, previous=STARTING]
2021-11-24 17:43:54,050 INFO c.n.d.DiscoveryClient [DiscoveryClient-InstanceInfoReplicator-0] DiscoveryClient_E-HEALTH/localhost:e-health:8080: registering service...
2021-11-24 17:43:54,050 INFO o.a.j.l.DirectJDKLog [main] Starting ProtocolHandler ["http-nio-8080"]
2021-11-24 17:43:54,097 INFO o.s.b.w.e.t.TomcatWebServer [main] Tomcat started on port(s): 8080 (http) with context path ''
2021-11-24 17:43:54,097 INFO o.s.c.n.e.s.EurekaAutoServiceRegistration [main] Updating port to 8080
2021-11-24 17:43:54,600 INFO c.n.d.DiscoveryClient [DiscoveryClient-InstanceInfoReplicator-0] DiscoveryClient_E-HEALTH/localhost:e-health:8080 - registration status: 204
2021-11-24 17:43:55,971 INFO o.s.c.c.u.InetUtils [main] Cannot determine local hostname
2021-11-24 17:43:55,971 INFO s.d.s.w.p.DocumentationPluginsBootstrapper [main] Context refreshed
2021-11-24 17:43:56,143 INFO s.d.s.w.p.DocumentationPluginsBootstrapper [main] Found 1 custom documentation plugin(s)
2021-11-24 17:43:56,174 INFO s.d.s.w.s.ApiListingReferenceScanner [main] Scanning for api listing references
2021-11-24 17:43:57,497 INFO s.d.s.w.r.o.CachingOperationNameGenerator [main] Generating unique operation named: addPatientReportUsingPOST_1
2021-11-24 17:43:57,497 INFO s.d.s.w.r.o.CachingOperationNameGenerator [main] Generating unique operation named: addPatientVaccinationUsingPOST_1
2021-11-24 17:43:58,250 INFO o.s.b.StartupInfoLogger [main] Started EGovtCovidHealthAppApplication in 55.976 seconds (JVM running for 84.898)
2021-11-24 17:44:24,039 INFO c.n.d.DiscoveryClient [DiscoveryClient-CacheRefreshExecutor-0] Disable delta property : false
2021-11-24 17:44:24,039 INFO c.n.d.DiscoveryClient [DiscoveryClient-CacheRefreshExecutor-0] Single vip registry refresh property : null
2021-11-24 17:44:24,039 INFO c.n.d.DiscoveryClient [DiscoveryClient-CacheRefreshExecutor-0] Force full registry fetch : false
2021-11-24 17:44:24,040 INFO c.n.d.DiscoveryClient [DiscoveryClient-CacheRefreshExecutor-0] Application is null : false
2021-11-24 17:44:24,040 INFO c.n.d.DiscoveryClient [DiscoveryClient-CacheRefreshExecutor-0] Registered Applications size is zero : true
2021-11-24 17:44:24,041 INFO c.n.d.DiscoveryClient [DiscoveryClient-CacheRefreshExecutor-0] Application version is -1: false
2021-11-24 17:44:24,041 INFO c.n.d.DiscoveryClient [DiscoveryClient-CacheRefreshExecutor-0] Getting all instance registry info from the eureka server
2021-11-24 17:44:24,115 INFO c.n.d.DiscoveryClient [DiscoveryClient-CacheRefreshExecutor-0] The response status is 200
